  [1m[36m (65.0ms)[0m  [1mCREATE TABLE "schema_migrations" ("version" varchar(255) NOT NULL) [0m
  [1m[35m (62.0ms)[0m  CREATE UNIQUE INDEX "unique_schema_migrations" ON "schema_migrations" ("version")
  [1m[36mActiveRecord::SchemaMigration Load (0.0ms)[0m  [1mSELECT "schema_migrations".* FROM "schema_migrations"[0m
Migrating to CreateClients (20140217212434)
  [1m[35m (0.0ms)[0m  begin transaction
  [1m[36m (1.0ms)[0m  [1mCREATE TABLE "clients" ("id" INTEGER PRIMARY KEY AUTOINCREMENT NOT NULL, "user" varchar(255), "passw" varchar(255), "nombre" varchar(255), "apellido" varchar(255), "birthday" date, "direccion" varchar(255), "created_at" datetime, "updated_at" datetime) [0m
  [1m[35mSQL (0.0ms)[0m  INSERT INTO "schema_migrations" ("version") VALUES (?)  [["version", "20140217212434"]]
  [1m[36m (51.0ms)[0m  [1mcommit transaction[0m
  [1m[35mActiveRecord::SchemaMigration Load (1.0ms)[0m  SELECT "schema_migrations".* FROM "schema_migrations"
  [1m[36mActiveRecord::SchemaMigration Load (0.0ms)[0m  [1mSELECT "schema_migrations".* FROM "schema_migrations"[0m
Migrating to CreateCarts (20140217212549)
  [1m[35m (0.0ms)[0m  begin transaction
  [1m[36m (2.0ms)[0m  [1mCREATE TABLE "carts" ("id" INTEGER PRIMARY KEY AUTOINCREMENT NOT NULL, "idcart" varchar(255), "numitem" integer, "total" float, "purchased" boolean, "created_at" datetime, "updated_at" datetime) [0m
  [1m[35mSQL (0.0ms)[0m  INSERT INTO "schema_migrations" ("version") VALUES (?)  [["version", "20140217212549"]]
  [1m[36m (124.0ms)[0m  [1mcommit transaction[0m
  [1m[35mActiveRecord::SchemaMigration Load (0.0ms)[0m  SELECT "schema_migrations".* FROM "schema_migrations"
  [1m[36mActiveRecord::SchemaMigration Load (1.0ms)[0m  [1mSELECT "schema_migrations".* FROM "schema_migrations"[0m
Migrating to CreateItems (20140217212701)
  [1m[35m (0.0ms)[0m  begin transaction
  [1m[36m (2.0ms)[0m  [1mCREATE TABLE "items" ("id" INTEGER PRIMARY KEY AUTOINCREMENT NOT NULL, "iditem" varchar(255), "nombreitem" varchar(255), "descripcionitem" varchar(255), "color" varchar(255), "valor" float, "created_at" datetime, "updated_at" datetime) [0m
  [1m[35mSQL (0.0ms)[0m  INSERT INTO "schema_migrations" ("version") VALUES (?)  [["version", "20140217212701"]]
  [1m[36m (98.0ms)[0m  [1mcommit transaction[0m
  [1m[35mActiveRecord::SchemaMigration Load (0.0ms)[0m  SELECT "schema_migrations".* FROM "schema_migrations"
